# JRE version: Java(TM) SE Runtime Environment (9.0+11) (build 9.0.4+11)
# Java VM: Java HotSpot(TM) 64-Bit Server VM (9.0.4+11, mixed mode, tiered, compressed oops, g1 gc, windows-amd64)
Heap:
 garbage-first heap   total 196608K, used 41463K [0x0000000701400000, 0x0000000701500600, 0x00000007c0000000)
  region size 1024K, 28 young (28672K), 2 survivors (2048K)
 Metaspace       used 22644K, capacity 23726K, committed 23936K, reserved 1071104K
  class space    used 2120K, capacity 2343K, committed 2432K, reserved 1048576K
GC Heap History (6 events):
Event: 1.447 GC heap before
{Heap before GC invocations=0 (full 0):
 garbage-first heap   total 196608K, used 14336K [0x0000000701400000, 0x0000000701500600, 0x00000007c0000000)
  region size 1024K, 14 young (14336K), 0 survivors (0K)
 Metaspace       used 11299K, capacity 12018K, committed 12160K, reserved 1060864K
  class space    used 1145K, capacity 1319K, committed 1408K, reserved 1048576K
}
Event: 1.455 GC heap after
{Heap after GC invocations=1 (full 0):
 garbage-first heap   total 196608K, used 2996K [0x0000000701400000, 0x0000000701500600, 0x00000007c0000000)
  region size 1024K, 2 young (2048K), 2 survivors (2048K)
 Metaspace       used 11299K, capacity 12018K, committed 12160K, reserved 1060864K
  class space    used 1145K, capacity 1319K, committed 1408K, reserved 1048576K
}
Event: 8.399 GC heap before
{Heap before GC invocations=1 (full 0):
 garbage-first heap   total 196608K, used 48052K [0x0000000701400000, 0x0000000701500600, 0x00000007c0000000)
  region size 1024K, 45 young (46080K), 2 survivors (2048K)
 Metaspace       used 20029K, capacity 20996K, committed 21296K, reserved 1069056K
  class space    used 1858K, capacity 2054K, committed 2176K, reserved 1048576K
}
Event: 8.416 GC heap after
{Heap after GC invocations=2 (full 0):
 garbage-first heap   total 196608K, used 7974K [0x0000000701400000, 0x0000000701500600, 0x00000007c0000000)
  region size 1024K, 7 young (7168K), 7 survivors (7168K)
 Metaspace       used 20029K, capacity 20996K, committed 21296K, reserved 1069056K
  class space    used 1858K, capacity 2054K, committed 2176K, reserved 1048576K
}
Event: 14.177 GC heap before
{Heap before GC invocations=3 (full 0):
 garbage-first heap   total 196608K, used 60198K [0x0000000701400000, 0x0000000701500600, 0x00000007c0000000)
  region size 1024K, 50 young (51200K), 7 survivors (7168K)
 Metaspace       used 22641K, capacity 23662K, committed 23936K, reserved 1071104K
  class space    used 2120K, capacity 2343K, committed 2432K, reserved 1048576K
}
Event: 14.192 GC heap after
{Heap after GC invocations=4 (full 0):
 garbage-first heap   total 196608K, used 15863K [0x0000000701400000, 0x0000000701500600, 0x00000007c0000000)
  region size 1024K, 2 young (2048K), 2 survivors (2048K)
 Metaspace       used 22641K, capacity 23662K, committed 23936K, reserved 1071104K
  class space    used 2120K, capacity 2343K, committed 2432K, reserved 1048576K
}

