# JRE version: Java(TM) SE Runtime Environment (9.0+11) (build 9.0.4+11)
# Java VM: Java HotSpot(TM) 64-Bit Server VM (9.0.4+11, mixed mode, tiered, compressed oops, g1 gc, windows-amd64)
Heap:
 garbage-first heap   total 196608K, used 61460K [0x0000000701400000, 0x0000000701500600, 0x00000007c0000000)
  region size 1024K, 47 young (48128K), 1 survivors (1024K)
 Metaspace       used 22784K, capacity 23978K, committed 24192K, reserved 1071104K
  class space    used 2151K, capacity 2397K, committed 2432K, reserved 1048576K
GC Heap History (6 events):
Event: 0.972 GC heap before
{Heap before GC invocations=0 (full 0):
 garbage-first heap   total 196608K, used 14336K [0x0000000701400000, 0x0000000701500600, 0x00000007c0000000)
  region size 1024K, 14 young (14336K), 0 survivors (0K)
 Metaspace       used 11287K, capacity 11962K, committed 12160K, reserved 1060864K
  class space    used 1142K, capacity 1319K, committed 1408K, reserved 1048576K
}
Event: 0.977 GC heap after
{Heap after GC invocations=1 (full 0):
 garbage-first heap   total 196608K, used 2867K [0x0000000701400000, 0x0000000701500600, 0x00000007c0000000)
  region size 1024K, 2 young (2048K), 2 survivors (2048K)
 Metaspace       used 11287K, capacity 11962K, committed 12160K, reserved 1060864K
  class space    used 1142K, capacity 1319K, committed 1408K, reserved 1048576K
}
Event: 3.578 GC heap before
{Heap before GC invocations=1 (full 0):
 garbage-first heap   total 196608K, used 46899K [0x0000000701400000, 0x0000000701500600, 0x00000007c0000000)
  region size 1024K, 44 young (45056K), 2 survivors (2048K)
 Metaspace       used 20031K, capacity 20996K, committed 21296K, reserved 1069056K
  class space    used 1854K, capacity 2054K, committed 2176K, reserved 1048576K
}
Event: 3.592 GC heap after
{Heap after GC invocations=2 (full 0):
 garbage-first heap   total 196608K, used 7987K [0x0000000701400000, 0x0000000701500600, 0x00000007c0000000)
  region size 1024K, 7 young (7168K), 7 survivors (7168K)
 Metaspace       used 20031K, capacity 20996K, committed 21296K, reserved 1069056K
  class space    used 1854K, capacity 2054K, committed 2176K, reserved 1048576K
}
Event: 7.166 GC heap before
{Heap before GC invocations=3 (full 0):
 garbage-first heap   total 196608K, used 60211K [0x0000000701400000, 0x0000000701500600, 0x00000007c0000000)
  region size 1024K, 50 young (51200K), 7 survivors (7168K)
 Metaspace       used 22762K, capacity 23974K, committed 24192K, reserved 1071104K
  class space    used 2150K, capacity 2397K, committed 2432K, reserved 1048576K
}
Event: 7.181 GC heap after
{Heap after GC invocations=4 (full 0):
 garbage-first heap   total 196608K, used 15380K [0x0000000701400000, 0x0000000701500600, 0x00000007c0000000)
  region size 1024K, 1 young (1024K), 1 survivors (1024K)
 Metaspace       used 22762K, capacity 23974K, committed 24192K, reserved 1071104K
  class space    used 2150K, capacity 2397K, committed 2432K, reserved 1048576K
}

