# JRE version: Java(TM) SE Runtime Environment (9.0+11) (build 9.0.4+11)
# Java VM: Java HotSpot(TM) 64-Bit Server VM (9.0.4+11, mixed mode, tiered, compressed oops, g1 gc, windows-amd64)
Heap:
 garbage-first heap   total 196608K, used 49669K [0x0000000701400000, 0x0000000701500600, 0x00000007c0000000)
  region size 1024K, 34 young (34816K), 1 survivors (1024K)
 Metaspace       used 22727K, capacity 23782K, committed 24188K, reserved 1071104K
  class space    used 2122K, capacity 2343K, committed 2432K, reserved 1048576K
GC Heap History (8 events):
Event: 1.771 GC heap before
{Heap before GC invocations=0 (full 0):
 garbage-first heap   total 196608K, used 14336K [0x0000000701400000, 0x0000000701500600, 0x00000007c0000000)
  region size 1024K, 14 young (14336K), 0 survivors (0K)
 Metaspace       used 11309K, capacity 12018K, committed 12160K, reserved 1060864K
  class space    used 1145K, capacity 1319K, committed 1408K, reserved 1048576K
}
Event: 1.781 GC heap after
{Heap after GC invocations=1 (full 0):
 garbage-first heap   total 196608K, used 2973K [0x0000000701400000, 0x0000000701500600, 0x00000007c0000000)
  region size 1024K, 2 young (2048K), 2 survivors (2048K)
 Metaspace       used 11309K, capacity 12018K, committed 12160K, reserved 1060864K
  class space    used 1145K, capacity 1319K, committed 1408K, reserved 1048576K
}
Event: 5.555 GC heap before
{Heap before GC invocations=1 (full 0):
 garbage-first heap   total 196608K, used 41885K [0x0000000701400000, 0x0000000701500600, 0x00000007c0000000)
  region size 1024K, 38 young (38912K), 2 survivors (2048K)
 Metaspace       used 19502K, capacity 20464K, committed 20736K, reserved 1069056K
  class space    used 1782K, capacity 1988K, committed 2048K, reserved 1048576K
}
Event: 5.594 GC heap after
{Heap after GC invocations=2 (full 0):
 garbage-first heap   total 196608K, used 7881K [0x0000000701400000, 0x0000000701500600, 0x00000007c0000000)
  region size 1024K, 5 young (5120K), 5 survivors (5120K)
 Metaspace       used 19502K, capacity 20464K, committed 20736K, reserved 1069056K
  class space    used 1782K, capacity 1988K, committed 2048K, reserved 1048576K
}
Event: 5.863 GC heap before
{Heap before GC invocations=2 (full 0):
 garbage-first heap   total 196608K, used 13001K [0x0000000701400000, 0x0000000701500600, 0x00000007c0000000)
  region size 1024K, 11 young (11264K), 5 survivors (5120K)
 Metaspace       used 20021K, capacity 20988K, committed 21296K, reserved 1069056K
  class space    used 1854K, capacity 2054K, committed 2176K, reserved 1048576K
}
Event: 5.877 GC heap after
{Heap after GC invocations=3 (full 0):
 garbage-first heap   total 196608K, used 8596K [0x0000000701400000, 0x0000000701500600, 0x00000007c0000000)
  region size 1024K, 1 young (1024K), 1 survivors (1024K)
 Metaspace       used 20021K, capacity 20988K, committed 21296K, reserved 1069056K
  class space    used 1854K, capacity 2054K, committed 2176K, reserved 1048576K
}
Event: 13.053 GC heap before
{Heap before GC invocations=4 (full 0):
 garbage-first heap   total 196608K, used 49556K [0x0000000701400000, 0x0000000701500600, 0x00000007c0000000)
  region size 1024K, 33 young (33792K), 1 survivors (1024K)
 Metaspace       used 22707K, capacity 23718K, committed 24188K, reserved 1071104K
  class space    used 2120K, capacity 2343K, committed 2432K, reserved 1048576K
}
Event: 13.056 GC heap after
{Heap after GC invocations=5 (full 0):
 garbage-first heap   total 196608K, used 16901K [0x0000000701400000, 0x0000000701500600, 0x00000007c0000000)
  region size 1024K, 1 young (1024K), 1 survivors (1024K)
 Metaspace       used 22707K, capacity 23718K, committed 24188K, reserved 1071104K
  class space    used 2120K, capacity 2343K, committed 2432K, reserved 1048576K
}

