# JRE version: Java(TM) SE Runtime Environment (9.0+11) (build 9.0.4+11)
# Java VM: Java HotSpot(TM) 64-Bit Server VM (9.0.4+11, mixed mode, tiered, compressed oops, g1 gc, windows-amd64)
Heap:
 garbage-first heap   total 196608K, used 59086K [0x0000000701400000, 0x0000000701500600, 0x00000007c0000000)
  region size 1024K, 45 young (46080K), 2 survivors (2048K)
 Metaspace       used 23031K, capacity 24090K, committed 24496K, reserved 1071104K
  class space    used 2152K, capacity 2375K, committed 2480K, reserved 1048576K
GC Heap History (6 events):
Event: 1.300 GC heap before
{Heap before GC invocations=0 (full 0):
 garbage-first heap   total 196608K, used 14336K [0x0000000701400000, 0x0000000701500600, 0x00000007c0000000)
  region size 1024K, 14 young (14336K), 0 survivors (0K)
 Metaspace       used 10929K, capacity 11552K, committed 11776K, reserved 1060864K
  class space    used 1082K, capacity 1236K, committed 1280K, reserved 1048576K
}
Event: 1.306 GC heap after
{Heap after GC invocations=1 (full 0):
 garbage-first heap   total 196608K, used 3021K [0x0000000701400000, 0x0000000701500600, 0x00000007c0000000)
  region size 1024K, 2 young (2048K), 2 survivors (2048K)
 Metaspace       used 10929K, capacity 11552K, committed 11776K, reserved 1060864K
  class space    used 1082K, capacity 1236K, committed 1280K, reserved 1048576K
}
Event: 3.905 GC heap before
{Heap before GC invocations=1 (full 0):
 garbage-first heap   total 196608K, used 48077K [0x0000000701400000, 0x0000000701500600, 0x00000007c0000000)
  region size 1024K, 45 young (46080K), 2 survivors (2048K)
 Metaspace       used 20133K, capacity 21128K, committed 21296K, reserved 1069056K
  class space    used 1853K, capacity 2052K, committed 2096K, reserved 1048576K
}
Event: 3.917 GC heap after
{Heap after GC invocations=2 (full 0):
 garbage-first heap   total 196608K, used 8223K [0x0000000701400000, 0x0000000701500600, 0x00000007c0000000)
  region size 1024K, 8 young (8192K), 8 survivors (8192K)
 Metaspace       used 20133K, capacity 21128K, committed 21296K, reserved 1069056K
  class space    used 1853K, capacity 2052K, committed 2096K, reserved 1048576K
}
Event: 11.320 GC heap before
{Heap before GC invocations=3 (full 0):
 garbage-first heap   total 196608K, used 61471K [0x0000000701400000, 0x0000000701500600, 0x00000007c0000000)
  region size 1024K, 52 young (53248K), 8 survivors (8192K)
 Metaspace       used 23013K, capacity 24090K, committed 24496K, reserved 1071104K
  class space    used 2151K, capacity 2375K, committed 2480K, reserved 1048576K
}
Event: 11.332 GC heap after
{Heap after GC invocations=4 (full 0):
 garbage-first heap   total 196608K, used 16078K [0x0000000701400000, 0x0000000701500600, 0x00000007c0000000)
  region size 1024K, 2 young (2048K), 2 survivors (2048K)
 Metaspace       used 23013K, capacity 24090K, committed 24496K, reserved 1071104K
  class space    used 2151K, capacity 2375K, committed 2480K, reserved 1048576K
}

