# JRE version: Java(TM) SE Runtime Environment (9.0+11) (build 9.0.4+11)
# Java VM: Java HotSpot(TM) 64-Bit Server VM (9.0.4+11, mixed mode, tiered, compressed oops, g1 gc, windows-amd64)
Heap:
 garbage-first heap   total 196608K, used 18438K [0x0000000701400000, 0x0000000701500600, 0x00000007c0000000)
  region size 1024K, 4 young (4096K), 2 survivors (2048K)
 Metaspace       used 22945K, capacity 23938K, committed 24112K, reserved 1071104K
  class space    used 2144K, capacity 2343K, committed 2352K, reserved 1048576K
GC Heap History (8 events):
Event: 1.367 GC heap before
{Heap before GC invocations=0 (full 0):
 garbage-first heap   total 196608K, used 14336K [0x0000000701400000, 0x0000000701500600, 0x00000007c0000000)
  region size 1024K, 14 young (14336K), 0 survivors (0K)
 Metaspace       used 10951K, capacity 11556K, committed 11776K, reserved 1060864K
  class space    used 1082K, capacity 1236K, committed 1280K, reserved 1048576K
}
Event: 1.374 GC heap after
{Heap after GC invocations=1 (full 0):
 garbage-first heap   total 196608K, used 3023K [0x0000000701400000, 0x0000000701500600, 0x00000007c0000000)
  region size 1024K, 2 young (2048K), 2 survivors (2048K)
 Metaspace       used 10951K, capacity 11556K, committed 11776K, reserved 1060864K
  class space    used 1082K, capacity 1236K, committed 1280K, reserved 1048576K
}
Event: 4.017 GC heap before
{Heap before GC invocations=1 (full 0):
 garbage-first heap   total 196608K, used 37839K [0x0000000701400000, 0x0000000701500600, 0x00000007c0000000)
  region size 1024K, 34 young (34816K), 2 survivors (2048K)
 Metaspace       used 19799K, capacity 20816K, committed 20992K, reserved 1069056K
  class space    used 1803K, capacity 1988K, committed 2048K, reserved 1048576K
}
Event: 4.042 GC heap after
{Heap after GC invocations=2 (full 0):
 garbage-first heap   total 196608K, used 8179K [0x0000000701400000, 0x0000000701500600, 0x00000007c0000000)
  region size 1024K, 5 young (5120K), 5 survivors (5120K)
 Metaspace       used 19799K, capacity 20816K, committed 20992K, reserved 1069056K
  class space    used 1803K, capacity 1988K, committed 2048K, reserved 1048576K
}
Event: 4.316 GC heap before
{Heap before GC invocations=2 (full 0):
 garbage-first heap   total 196608K, used 18419K [0x0000000701400000, 0x0000000701500600, 0x00000007c0000000)
  region size 1024K, 16 young (16384K), 5 survivors (5120K)
 Metaspace       used 20167K, capacity 21136K, committed 21296K, reserved 1069056K
  class space    used 1848K, capacity 2052K, committed 2096K, reserved 1048576K
}
Event: 4.327 GC heap after
{Heap after GC invocations=3 (full 0):
 garbage-first heap   total 196608K, used 8705K [0x0000000701400000, 0x0000000701500600, 0x00000007c0000000)
  region size 1024K, 1 young (1024K), 1 survivors (1024K)
 Metaspace       used 20167K, capacity 21136K, committed 21296K, reserved 1069056K
  class space    used 1848K, capacity 2052K, committed 2096K, reserved 1048576K
}
Event: 10.376 GC heap before
{Heap before GC invocations=4 (full 0):
 garbage-first heap   total 196608K, used 51713K [0x0000000701400000, 0x0000000701500600, 0x00000007c0000000)
  region size 1024K, 35 young (35840K), 1 survivors (1024K)
 Metaspace       used 22930K, capacity 23938K, committed 24112K, reserved 1071104K
  class space    used 2143K, capacity 2343K, committed 2352K, reserved 1048576K
}
Event: 10.380 GC heap after
{Heap after GC invocations=5 (full 0):
 garbage-first heap   total 196608K, used 17414K [0x0000000701400000, 0x0000000701500600, 0x00000007c0000000)
  region size 1024K, 2 young (2048K), 2 survivors (2048K)
 Metaspace       used 22930K, capacity 23938K, committed 24112K, reserved 1071104K
  class space    used 2143K, capacity 2343K, committed 2352K, reserved 1048576K
}

