# JRE version: Java(TM) SE Runtime Environment (9.0+11) (build 9.0.4+11)
# Java VM: Java HotSpot(TM) 64-Bit Server VM (9.0.4+11, mixed mode, tiered, compressed oops, g1 gc, windows-amd64)
Heap:
 garbage-first heap   total 196608K, used 114366K [0x0000000701400000, 0x0000000701500600, 0x00000007c0000000)
  region size 1024K, 99 young (101376K), 2 survivors (2048K)
 Metaspace       used 23057K, capacity 24098K, committed 24496K, reserved 1071104K
  class space    used 2152K, capacity 2375K, committed 2480K, reserved 1048576K
GC Heap History (6 events):
Event: 1.262 GC heap before
{Heap before GC invocations=0 (full 0):
 garbage-first heap   total 196608K, used 14336K [0x0000000701400000, 0x0000000701500600, 0x00000007c0000000)
  region size 1024K, 14 young (14336K), 0 survivors (0K)
 Metaspace       used 10929K, capacity 11552K, committed 11776K, reserved 1060864K
  class space    used 1082K, capacity 1236K, committed 1280K, reserved 1048576K
}
Event: 1.268 GC heap after
{Heap after GC invocations=1 (full 0):
 garbage-first heap   total 196608K, used 3081K [0x0000000701400000, 0x0000000701500600, 0x00000007c0000000)
  region size 1024K, 2 young (2048K), 2 survivors (2048K)
 Metaspace       used 10929K, capacity 11552K, committed 11776K, reserved 1060864K
  class space    used 1082K, capacity 1236K, committed 1280K, reserved 1048576K
}
Event: 4.026 GC heap before
{Heap before GC invocations=1 (full 0):
 garbage-first heap   total 196608K, used 48137K [0x0000000701400000, 0x0000000701500600, 0x00000007c0000000)
  region size 1024K, 45 young (46080K), 2 survivors (2048K)
 Metaspace       used 20154K, capacity 21136K, committed 21296K, reserved 1069056K
  class space    used 1853K, capacity 2052K, committed 2096K, reserved 1048576K
}
Event: 4.038 GC heap after
{Heap after GC invocations=2 (full 0):
 garbage-first heap   total 196608K, used 8201K [0x0000000701400000, 0x0000000701500600, 0x00000007c0000000)
  region size 1024K, 7 young (7168K), 7 survivors (7168K)
 Metaspace       used 20154K, capacity 21136K, committed 21296K, reserved 1069056K
  class space    used 1853K, capacity 2052K, committed 2096K, reserved 1048576K
}
Event: 8.034 GC heap before
{Heap before GC invocations=3 (full 0):
 garbage-first heap   total 196608K, used 61440K [0x0000000701400000, 0x0000000701500600, 0x00000007c0000000)
  region size 1024K, 51 young (52224K), 7 survivors (7168K)
 Metaspace       used 22913K, capacity 23938K, committed 24112K, reserved 1071104K
  class space    used 2148K, capacity 2343K, committed 2352K, reserved 1048576K
}
Event: 8.046 GC heap after
{Heap after GC invocations=4 (full 0):
 garbage-first heap   total 196608K, used 16062K [0x0000000701400000, 0x0000000701500600, 0x00000007c0000000)
  region size 1024K, 2 young (2048K), 2 survivors (2048K)
 Metaspace       used 22913K, capacity 23938K, committed 24112K, reserved 1071104K
  class space    used 2148K, capacity 2343K, committed 2352K, reserved 1048576K
}

