# JRE version: Java(TM) SE Runtime Environment (9.0+11) (build 9.0.4+11)
# Java VM: Java HotSpot(TM) 64-Bit Server VM (9.0.4+11, mixed mode, tiered, compressed oops, g1 gc, windows-amd64)
Heap:
 garbage-first heap   total 196608K, used 35520K [0x0000000701400000, 0x0000000701500600, 0x00000007c0000000)
  region size 1024K, 23 young (23552K), 3 survivors (3072K)
 Metaspace       used 22862K, capacity 24042K, committed 24240K, reserved 1071104K
  class space    used 2151K, capacity 2397K, committed 2480K, reserved 1048576K
GC Heap History (10 events):
Event: 0.903 GC heap before
{Heap before GC invocations=0 (full 0):
 garbage-first heap   total 196608K, used 14336K [0x0000000701400000, 0x0000000701500600, 0x00000007c0000000)
  region size 1024K, 14 young (14336K), 0 survivors (0K)
 Metaspace       used 11286K, capacity 11954K, committed 12160K, reserved 1060864K
  class space    used 1142K, capacity 1319K, committed 1408K, reserved 1048576K
}
Event: 0.909 GC heap after
{Heap after GC invocations=1 (full 0):
 garbage-first heap   total 196608K, used 2865K [0x0000000701400000, 0x0000000701500600, 0x00000007c0000000)
  region size 1024K, 2 young (2048K), 2 survivors (2048K)
 Metaspace       used 11286K, capacity 11954K, committed 12160K, reserved 1060864K
  class space    used 1142K, capacity 1319K, committed 1408K, reserved 1048576K
}
Event: 1.811 GC heap before
{Heap before GC invocations=1 (full 0):
 garbage-first heap   total 196608K, used 15153K [0x0000000701400000, 0x0000000701500600, 0x00000007c0000000)
  region size 1024K, 14 young (14336K), 2 survivors (2048K)
 Metaspace       used 15723K, capacity 16748K, committed 16896K, reserved 1064960K
  class space    used 1537K, capacity 1733K, committed 1792K, reserved 1048576K
}
Event: 1.818 GC heap after
{Heap after GC invocations=2 (full 0):
 garbage-first heap   total 196608K, used 5120K [0x0000000701400000, 0x0000000701500600, 0x00000007c0000000)
  region size 1024K, 2 young (2048K), 2 survivors (2048K)
 Metaspace       used 15723K, capacity 16748K, committed 16896K, reserved 1064960K
  class space    used 1537K, capacity 1733K, committed 1792K, reserved 1048576K
}
Event: 3.536 GC heap before
{Heap before GC invocations=2 (full 0):
 garbage-first heap   total 196608K, used 36864K [0x0000000701400000, 0x0000000701500600, 0x00000007c0000000)
  region size 1024K, 31 young (31744K), 2 survivors (2048K)
 Metaspace       used 19983K, capacity 20984K, committed 21296K, reserved 1069056K
  class space    used 1843K, capacity 2052K, committed 2096K, reserved 1048576K
}
Event: 3.544 GC heap after
{Heap after GC invocations=3 (full 0):
 garbage-first heap   total 196608K, used 7612K [0x0000000701400000, 0x0000000701500600, 0x00000007c0000000)
  region size 1024K, 4 young (4096K), 4 survivors (4096K)
 Metaspace       used 19983K, capacity 20984K, committed 21296K, reserved 1069056K
  class space    used 1843K, capacity 2052K, committed 2096K, reserved 1048576K
}
Event: 3.553 GC heap before
{Heap before GC invocations=3 (full 0):
 garbage-first heap   total 196608K, used 7612K [0x0000000701400000, 0x0000000701500600, 0x00000007c0000000)
  region size 1024K, 5 young (5120K), 4 survivors (4096K)
 Metaspace       used 20158K, capacity 21124K, committed 21296K, reserved 1069056K
  class space    used 1857K, capacity 2054K, committed 2096K, reserved 1048576K
}
Event: 3.559 GC heap after
{Heap after GC invocations=4 (full 0):
 garbage-first heap   total 196608K, used 7249K [0x0000000701400000, 0x0000000701500600, 0x00000007c0000000)
  region size 1024K, 3 young (3072K), 3 survivors (3072K)
 Metaspace       used 20158K, capacity 21124K, committed 21296K, reserved 1069056K
  class space    used 1857K, capacity 2054K, committed 2096K, reserved 1048576K
}
Event: 9.693 GC heap before
{Heap before GC invocations=5 (full 0):
 garbage-first heap   total 196608K, used 67665K [0x0000000701400000, 0x0000000701500600, 0x00000007c0000000)
  region size 1024K, 54 young (55296K), 3 survivors (3072K)
 Metaspace       used 22848K, capacity 24042K, committed 24240K, reserved 1071104K
  class space    used 2149K, capacity 2397K, committed 2480K, reserved 1048576K
}
Event: 9.700 GC heap after
{Heap after GC invocations=6 (full 0):
 garbage-first heap   total 196608K, used 16064K [0x0000000701400000, 0x0000000701500600, 0x00000007c0000000)
  region size 1024K, 3 young (3072K), 3 survivors (3072K)
 Metaspace       used 22848K, capacity 24042K, committed 24240K, reserved 1071104K
  class space    used 2149K, capacity 2397K, committed 2480K, reserved 1048576K
}

