# JRE version: Java(TM) SE Runtime Environment (9.0+11) (build 9.0.4+11)
# Java VM: Java HotSpot(TM) 64-Bit Server VM (9.0.4+11, mixed mode, tiered, compressed oops, g1 gc, windows-amd64)
Heap:
 garbage-first heap   total 196608K, used 38348K [0x0000000701400000, 0x0000000701500600, 0x00000007c0000000)
  region size 1024K, 26 young (26624K), 3 survivors (3072K)
 Metaspace       used 22791K, capacity 23970K, committed 24192K, reserved 1071104K
  class space    used 2151K, capacity 2397K, committed 2432K, reserved 1048576K
GC Heap History (8 events):
Event: 0.971 GC heap before
{Heap before GC invocations=0 (full 0):
 garbage-first heap   total 196608K, used 14336K [0x0000000701400000, 0x0000000701500600, 0x00000007c0000000)
  region size 1024K, 14 young (14336K), 0 survivors (0K)
 Metaspace       used 11296K, capacity 12018K, committed 12160K, reserved 1060864K
  class space    used 1142K, capacity 1319K, committed 1408K, reserved 1048576K
}
Event: 0.977 GC heap after
{Heap after GC invocations=1 (full 0):
 garbage-first heap   total 196608K, used 2994K [0x0000000701400000, 0x0000000701500600, 0x00000007c0000000)
  region size 1024K, 2 young (2048K), 2 survivors (2048K)
 Metaspace       used 11296K, capacity 12018K, committed 12160K, reserved 1060864K
  class space    used 1142K, capacity 1319K, committed 1408K, reserved 1048576K
}
Event: 1.888 GC heap before
{Heap before GC invocations=1 (full 0):
 garbage-first heap   total 196608K, used 15282K [0x0000000701400000, 0x0000000701500600, 0x00000007c0000000)
  region size 1024K, 14 young (14336K), 2 survivors (2048K)
 Metaspace       used 15705K, capacity 16676K, committed 16896K, reserved 1064960K
  class space    used 1539K, capacity 1733K, committed 1792K, reserved 1048576K
}
Event: 1.895 GC heap after
{Heap after GC invocations=2 (full 0):
 garbage-first heap   total 196608K, used 5151K [0x0000000701400000, 0x0000000701500600, 0x00000007c0000000)
  region size 1024K, 2 young (2048K), 2 survivors (2048K)
 Metaspace       used 15705K, capacity 16676K, committed 16896K, reserved 1064960K
  class space    used 1539K, capacity 1733K, committed 1792K, reserved 1048576K
}
Event: 3.506 GC heap before
{Heap before GC invocations=2 (full 0):
 garbage-first heap   total 196608K, used 36895K [0x0000000701400000, 0x0000000701500600, 0x00000007c0000000)
  region size 1024K, 32 young (32768K), 2 survivors (2048K)
 Metaspace       used 20017K, capacity 20988K, committed 21296K, reserved 1069056K
  class space    used 1853K, capacity 2054K, committed 2176K, reserved 1048576K
}
Event: 3.513 GC heap after
{Heap after GC invocations=3 (full 0):
 garbage-first heap   total 196608K, used 7693K [0x0000000701400000, 0x0000000701500600, 0x00000007c0000000)
  region size 1024K, 5 young (5120K), 5 survivors (5120K)
 Metaspace       used 20017K, capacity 20988K, committed 21296K, reserved 1069056K
  class space    used 1853K, capacity 2054K, committed 2176K, reserved 1048576K
}
Event: 8.028 GC heap before
{Heap before GC invocations=4 (full 0):
 garbage-first heap   total 196608K, used 58862K [0x0000000701400000, 0x0000000701500600, 0x00000007c0000000)
  region size 1024K, 47 young (48128K), 5 survivors (5120K)
 Metaspace       used 22776K, capacity 23970K, committed 24192K, reserved 1071104K
  class space    used 2150K, capacity 2397K, committed 2432K, reserved 1048576K
}
Event: 8.037 GC heap after
{Heap after GC invocations=5 (full 0):
 garbage-first heap   total 196608K, used 15820K [0x0000000701400000, 0x0000000701500600, 0x00000007c0000000)
  region size 1024K, 3 young (3072K), 3 survivors (3072K)
 Metaspace       used 22776K, capacity 23970K, committed 24192K, reserved 1071104K
  class space    used 2150K, capacity 2397K, committed 2432K, reserved 1048576K
}

